1571656203.055305 client started (28539): version 2.9a, socket /tmp/tmux-1000/default, protocol 8
1571656203.055323 on Linux 5.3.6-1-MANJARO #1 SMP PREEMPT Sat Oct 12 09:30:05 UTC 2019; libevent 2.1.11-stable (poll)
1571656203.055339 socket is /tmp/tmux-1000/default
1571656203.055347 trying connect
1571656203.055389 add peer 0x55c4294a8c50: 6 ((nil))
1571656203.055466 sending message 100 to peer 0x55c4294a8c50 (4 bytes)
1571656203.055489 sending message 101 to peer 0x55c4294a8c50 (16 bytes)
1571656203.055493 sending message 102 to peer 0x55c4294a8c50 (12 bytes)
1571656203.055496 sending message 108 to peer 0x55c4294a8c50 (20 bytes)
1571656203.055499 sending message 104 to peer 0x55c4294a8c50 (0 bytes)
1571656203.055521 sending message 107 to peer 0x55c4294a8c50 (4 bytes)
1571656203.055526 sending message 105 to peer 0x55c4294a8c50 (54 bytes)
1571656203.055530 sending message 105 to peer 0x55c4294a8c50 (11 bytes)
1571656203.055533 sending message 105 to peer 0x55c4294a8c50 (20 bytes)
1571656203.055536 sending message 105 to peer 0x55c4294a8c50 (17 bytes)
1571656203.055539 sending message 105 to peer 0x55c4294a8c50 (17 bytes)
1571656203.055542 sending message 105 to peer 0x55c4294a8c50 (30 bytes)
1571656203.055545 sending message 105 to peer 0x55c4294a8c50 (41 bytes)
1571656203.055548 sending message 105 to peer 0x55c4294a8c50 (115 bytes)
1571656203.055566 sending message 105 to peer 0x55c4294a8c50 (71 bytes)
1571656203.055572 sending message 105 to peer 0x55c4294a8c50 (53 bytes)
1571656203.055575 sending message 105 to peer 0x55c4294a8c50 (61 bytes)
1571656203.055578 sending message 105 to peer 0x55c4294a8c50 (36 bytes)
1571656203.055581 sending message 105 to peer 0x55c4294a8c50 (691 bytes)
1571656203.055584 sending message 105 to peer 0x55c4294a8c50 (24 bytes)
1571656203.055588 sending message 105 to peer 0x55c4294a8c50 (19 bytes)
1571656203.055593 sending message 105 to peer 0x55c4294a8c50 (8 bytes)
1571656203.055596 sending message 105 to peer 0x55c4294a8c50 (21 bytes)
1571656203.055599 sending message 105 to peer 0x55c4294a8c50 (35 bytes)
1571656203.055603 sending message 105 to peer 0x55c4294a8c50 (14 bytes)
1571656203.055607 sending message 105 to peer 0x55c4294a8c50 (14 bytes)
1571656203.055610 sending message 105 to peer 0x55c4294a8c50 (18 bytes)
1571656203.055615 sending message 105 to peer 0x55c4294a8c50 (13 bytes)
1571656203.055618 sending message 105 to peer 0x55c4294a8c50 (35 bytes)
1571656203.055621 sending message 105 to peer 0x55c4294a8c50 (146 bytes)
1571656203.055626 sending message 105 to peer 0x55c4294a8c50 (31 bytes)
1571656203.055629 sending message 105 to peer 0x55c4294a8c50 (15 bytes)
1571656203.055632 sending message 105 to peer 0x55c4294a8c50 (23 bytes)
1571656203.055636 sending message 105 to peer 0x55c4294a8c50 (17 bytes)
1571656203.055640 sending message 105 to peer 0x55c4294a8c50 (21 bytes)
1571656203.055644 sending message 105 to peer 0x55c4294a8c50 (11 bytes)
1571656203.055647 sending message 105 to peer 0x55c4294a8c50 (17 bytes)
1571656203.055650 sending message 105 to peer 0x55c4294a8c50 (105 bytes)
1571656203.055653 sending message 105 to peer 0x55c4294a8c50 (132 bytes)
1571656203.055656 sending message 105 to peer 0x55c4294a8c50 (39 bytes)
1571656203.055659 sending message 105 to peer 0x55c4294a8c50 (802 bytes)
1571656203.055664 sending message 105 to peer 0x55c4294a8c50 (16 bytes)
1571656203.055668 sending message 105 to peer 0x55c4294a8c50 (12 bytes)
1571656203.055671 sending message 105 to peer 0x55c4294a8c50 (15 bytes)
1571656203.055674 sending message 105 to peer 0x55c4294a8c50 (26 bytes)
1571656203.055678 sending message 105 to peer 0x55c4294a8c50 (29 bytes)
1571656203.055682 sending message 105 to peer 0x55c4294a8c50 (46 bytes)
1571656203.055685 sending message 105 to peer 0x55c4294a8c50 (32 bytes)
1571656203.055688 sending message 105 to peer 0x55c4294a8c50 (25 bytes)
1571656203.055691 sending message 105 to peer 0x55c4294a8c50 (25 bytes)
1571656203.055694 sending message 105 to peer 0x55c4294a8c50 (28 bytes)
1571656203.055697 sending message 105 to peer 0x55c4294a8c50 (19 bytes)
1571656203.055708 sending message 105 to peer 0x55c4294a8c50 (19 bytes)
1571656203.055711 sending message 105 to peer 0x55c4294a8c50 (14 bytes)
1571656203.055714 sending message 105 to peer 0x55c4294a8c50 (12 bytes)
1571656203.055719 sending message 105 to peer 0x55c4294a8c50 (14 bytes)
1571656203.055722 sending message 105 to peer 0x55c4294a8c50 (15 bytes)
1571656203.055725 sending message 105 to peer 0x55c4294a8c50 (13 bytes)
1571656203.055728 sending message 105 to peer 0x55c4294a8c50 (16 bytes)
1571656203.055731 sending message 105 to peer 0x55c4294a8c50 (13 bytes)
1571656203.055734 sending message 105 to peer 0x55c4294a8c50 (14 bytes)
1571656203.055743 sending message 105 to peer 0x55c4294a8c50 (40 bytes)
1571656203.055748 sending message 105 to peer 0x55c4294a8c50 (14 bytes)
1571656203.055752 sending message 106 to peer 0x55c4294a8c50 (0 bytes)
1571656203.055755 sending message 200 to peer 0x55c4294a8c50 (4 bytes)
1571656203.055760 client loop enter
1571656203.058194 peer 0x55c4294a8c50 message 211
1571656203.058213 client_write: sessions should be nested with care, unset $TMUX to force\n
1571656203.058225 peer 0x55c4294a8c50 message 203
1571656203.058235 client loop exit
