/usr/share/backgrounds/xfce
/usr/share/backgrounds/contest
/home/bresilla/VirtualBox VMs
/home/bresilla/wmutils
/usr/share/bcc/man
/usr/share/bcc/introspection
/usr/share
/usr/share/bcc/tools/doc
/usr/share/bcc/tools/lib
/media/bresilla/indrive1/Code/Linux/LFCS/src
/media/bresilla/indrive1/Code/Linux
/home/bresilla/.scripts
/home/bresilla/Dots/.scripts
/home/bresilla/Downloads/cambria
/media/bresilla/indrive1/Code/YouTube/UniBonn/test
/media/bresilla/indrive1/Code/Vagrant
/media/bresilla/indrive1/Code/ALL
/home/bresilla/.config/rofi
/tmp/pscircle/include
/tmp/pscircle/examples
/tmp/pscircle/src
/tmp/pscircle/tests
/tmp/pscircle/docs
/tmp/systemd-private-662006cd08274547b05fd480d816e173-colord.service-V1kjJg
/tmp/systemd-private-662006cd08274547b05fd480d816e173-systemd-timesyncd.service-JzuPHL
/tmp/systemd-private-662006cd08274547b05fd480d816e173-rtkit-daemon.service-XeeMb6
/tmp/systemd-private-662006cd08274547b05fd480d816e173-systemd-resolved.service-z3hRqm
/tmp/nvimTtpM5E
/tmp/systemd-private-662006cd08274547b05fd480d816e173-bolt.service-XP5w0s
/tmp/nvimNjspFL
/tmp/ssh-tRDjPO4IAl7z
/home/bresilla/OneDrive
/home/bresilla/Sync
/media/bresilla/indrive1/Code/Udacity/ROBO/tmp/RoboND-HomeServiceRobot/src
/media/bresilla/indrive1/Code/Udacity/ROBO/robond_project_final
/media/bresilla/indrive1/Code/Udacity/ROBO/robond_project_8/lua
/media/bresilla/indrive1/Code/Udacity/ROBO/robond_project_8/utils
/media/bresilla/indrive1/Code/Udacity/ROBO/robond_project_8/docs
/media/bresilla/indrive1/Code/Udacity/ROBO/robond_project_8/cuda
/media/bresilla/indrive1/Code/Udacity/ROBO/robond_project_8/tools
/media/bresilla/indrive1/Code/Udacity/ROBO/robond_project_8/c
/media/bresilla/indrive1/Code/Udacity/ROBO/robond_project_8/samples
/media/bresilla/indrive1/Code/Udacity/ROBO/robond_project_8/python
/media/bresilla/indrive1/Code/Udacity/ROBO/robond_project_8/gazebo
/media/bresilla/indrive1/Code/Udacity/ROBO/robond_project_8/img
/media/bresilla/indrive1/Code/Docker/devenv/robo/deep
/tmp/onedrived-dev/onedrived
/tmp/onedrived-dev/tests
/tmp/systemd-private-6da69f68e76d494793b3676287baa944-colord.service-GutwPD
/tmp/systemd-private-6da69f68e76d494793b3676287baa944-systemd-timesyncd.service-qRntX8
/tmp/nvimge1QHB
/tmp/ssh-jH0iiOgDhIVq
/tmp/systemd-private-6da69f68e76d494793b3676287baa944-bolt.service-URTexz
/tmp/systemd-private-6da69f68e76d494793b3676287baa944-systemd-resolved.service-SkduCs
/tmp/systemd-private-6da69f68e76d494793b3676287baa944-rtkit-daemon.service-0pIBqw
/tmp/nvimFt5PrH
/media/bresilla/indrive1/Code/Udacity/ROBO/part_13
/media/bresilla/indrive1/Code/Udacity/ROBO/part_14
/media/bresilla/indrive1/Code/Udacity/ROBO/part_12
/media/bresilla/indrive1/Code/Udacity/ROBO/robond_project_7
/media/bresilla/indrive1/Code/Udacity/ROBO/part_21
/media/bresilla/indrive1/Code/Udacity/ROBO/robond_project_6
/media/bresilla/indrive1/Code/Udacity/ROBO/part_11
/tmp/systemd-private-13a5c1d2f1cd4c46bc3ca87d7bc81826-rtkit-daemon.service-8nqDiz
/tmp/ssh-9jM7duzSwodN
/tmp/systemd-private-13a5c1d2f1cd4c46bc3ca87d7bc81826-systemd-timesyncd.service-oUwqXn
/tmp/nvimEXfD2n
/tmp/systemd-private-13a5c1d2f1cd4c46bc3ca87d7bc81826-bolt.service-gVp2Qa
/tmp/nvimgXA78f
/tmp/systemd-private-13a5c1d2f1cd4c46bc3ca87d7bc81826-systemd-resolved.service-OggUx4
/tmp/systemd-private-13a5c1d2f1cd4c46bc3ca87d7bc81826-colord.service-gedICy
/tmp/xdo/doc
/tmp/core
/tmp/systemd-private-8d666381092342d59bcf30d09cc2302c-bolt.service-QgsPnz
/tmp/systemd-private-8d666381092342d59bcf30d09cc2302c-systemd-timesyncd.service-ANmRcE
/tmp/ssh-smNsPH9Or4hk
/tmp/systemd-private-8d666381092342d59bcf30d09cc2302c-systemd-resolved.service-WkHLrV
/tmp/nvimKFVYZX
/tmp/nvimqTpKvR
/tmp/systemd-private-8d666381092342d59bcf30d09cc2302c-colord.service-63zwtu
/tmp/systemd-private-8d666381092342d59bcf30d09cc2302c-rtkit-daemon.service-G7clwP
/home/bresilla/test
/home/bresilla/Documents/bspwm
/home/bresilla/Documents/student-award
/usr/lib
/usr/lib/x86_64-linux-gnu
/usr/lib/x86_64-linux-gnu/nvidia/xorg
/tmp/cuda-sample
/tmp/appInsights-nodeAIF-d9b70cd4-b9f9-4d70-929b-a071c400b217
/tmp/systemd-private-a54814fa1c0947f69fd7ffc90caa5056-systemd-timesyncd.service-0AWb9b
/tmp/systemd-private-a54814fa1c0947f69fd7ffc90caa5056-bolt.service-6ZYjVm
/tmp/nvim4jPa1F
/tmp/snap.1000_spotify_j44Obo
/tmp/systemd-private-a54814fa1c0947f69fd7ffc90caa5056-colord.service-SvNo2r
/tmp/nvim2od08I
/tmp/systemd-private-a54814fa1c0947f69fd7ffc90caa5056-rtkit-daemon.service-OkYUUi
/tmp/tmppe82_40f
/tmp/ssh-X0xc55S1y03H
/tmp/systemd-private-a54814fa1c0947f69fd7ffc90caa5056-systemd-resolved.service-qyuunQ
/media/bresilla/indrive1/Code/Docker/devenv/base
/home/bresilla/Downloads/LibreOffice_6.0.4_Linux_x86-64_deb
/media/bresilla/indrive1/Code/Udacity/ROBO/robond_project_8/assets
/media/bresilla/indrive1/Code/Udacity/ROBO/robond_project_8/__pycache__
/media/bresilla/indrive1/Code/Udacity/ROBO/robond_project_8/MNIST_data
/media/bresilla/indrive1/Code/Docker/guienv
/tmp/ssh-XLcL185ejWaU
/tmp/nvimstgnuq
/tmp/systemd-private-2629f0bbedb245f59fd51a1f9c4864f3-colord.service-VsDZXJ
/tmp/appInsights-node
/tmp/nvimRT9guq
/tmp/emacs1000
/tmp/mozilla_bresilla0
/tmp/systemd-private-2629f0bbedb245f59fd51a1f9c4864f3-rtkit-daemon.service-XG2Q0e
/tmp/systemd-private-2629f0bbedb245f59fd51a1f9c4864f3-systemd-timesyncd.service-NK6XJJ
/tmp/snap.1000_spotify_18xZPr
/tmp/systemd-private-2629f0bbedb245f59fd51a1f9c4864f3-bolt.service-DIVMrx
/tmp/systemd-private-2629f0bbedb245f59fd51a1f9c4864f3-systemd-resolved.service-9fh209
/tmp/tmux-0
/media/bresilla/indrive1/Code/Docker/cudann
/media/bresilla/indrive1/Code/Docker/kinetic
/media/bresilla/indrive1/Code/Docker/vuedev
/media/bresilla/indrive1/Code/Docker/latex
/media/bresilla/indrive1/Code/YouTube/UniBonn/lib
/media/bresilla/indrive1/Code/YouTube/UniBonn/tests
/tmp/snap.1000_spotify_u1ol7B
/tmp/systemd-private-f87e4259d1bc4ee0a032cd9f9df2c12e-bolt.service-nS28c8
/tmp/systemd-private-f87e4259d1bc4ee0a032cd9f9df2c12e-systemd-resolved.service-T3rprj
/tmp/systemd-private-f87e4259d1bc4ee0a032cd9f9df2c12e-rtkit-daemon.service-BW92IS
/tmp/nvimdd56Dz
/tmp/systemd-private-f87e4259d1bc4ee0a032cd9f9df2c12e-colord.service-Bp0QQi
/tmp/nvimnHLsOx
/tmp/systemd-private-f87e4259d1bc4ee0a032cd9f9df2c12e-systemd-timesyncd.service-Fy54AG
/tmp/ssh-Ob0Gr3j0fQWP
/tmp/VSCode Crashes
/tmp/gnome-pomodoro
/home/bresilla/Documents/slam_project
/home/bresilla/Documents/QGroundControl
/tmp/systemd-private-44b07c1956034d9382122d4d96704d9d-bolt.service-1011Zp
/tmp/systemd-private-44b07c1956034d9382122d4d96704d9d-systemd-resolved.service-ZMWYUD
/tmp/systemd-private-44b07c1956034d9382122d4d96704d9d-systemd-timesyncd.service-blJpKU
/tmp/nvimZYxt8R
/tmp/kdeconnect_bresilla
/tmp/nvimorBMdW
/tmp/Temp-e13a259f-170e-450c-b56f-8ded56decc92
/tmp/snap.1000_spotify_wqVkV1
/tmp/tmux-1000
/tmp/firefox_bresilla
/tmp/systemd-private-44b07c1956034d9382122d4d96704d9d-rtkit-daemon.service-1SYUQw
/tmp/ssh-57vitIimUFKW
/tmp/systemd-private-44b07c1956034d9382122d4d96704d9d-colord.service-FvKTfU
/proc/1/task
/proc/1/fd
/proc/1/map_files
/proc/1/fdinfo
/proc/1/ns
/proc/1/net
/proc/1/attr
/home/bresilla/Downloads/Scans2
/home/bresilla/Downloads/CANADA
/home/bresilla/Downloads/go1.10.2.src
/home/bresilla/Downloads/go1.10.2.src/go
/home/bresilla/Downloads/go1.10.2.src/go/src
/media/bresilla/indrive1/Code/Drone/DroneKit
/home/bresilla/Templates
/home/bresilla/Desktop
/home/bresilla/Public
/home/bresilla/snap
/home/bresilla/Music
/home/bresilla/Pictures
/home/linuxbrew
/lost+found
/dev
/proc
/sbin
/lib64
/run
/cdrom
/srv
/snap
/lib32
/boot
/bin
/sys
/root
/var
/mnt
/lib
/opt
/usr
/etc
/media
/media/bresilla
/media/bresilla/indrive1
/media/bresilla/indrive1/Code/Udacity
/media/bresilla/indrive1/Code/VueWeb
/media/bresilla/indrive1/Code/ROBO
/media/bresilla/indrive1/Code/University
/media/bresilla/indrive1/Code/Papers
/media/bresilla/indrive1/Code/Website
/media/bresilla/indrive1/Code/Cursera
/media/bresilla/indrive1/Code/Books
/media/bresilla/indrive1/Code/Dardan
/media/bresilla/indrive1/Code/LIFX
/media/bresilla/indrive1/Code/YouTube
/media/bresilla/indrive1/Code/Raspi
/media/bresilla/indrive1/Code/Drone
/home/bresilla/Downloads/go1.10.2.src/go/src/build
/proc/1
/home/bresilla/.config/mpv
/home/bresilla/.config
/media/bresilla/indrive1/Code/YouTube/UniBonn/build
/tmp/dropop_bresilla
/tmp/testing
/home/bresilla/Dots/.func
/media/bresilla/indrive1/Code/Docker/opengym
/media/bresilla/indrive1/Code/Docker/devenv
/etc/docker
/media/bresilla/indrive1/Code/Docker/devenv/base/basegui
/usr/lib/x86_64-linux-gnu/nvidia
/media/bresilla/indrive1/Code/Docker
/home/bresilla/Dots/.config
/home/bresilla/Documents
/tmp/xdo
/media/bresilla/indrive1/Code/Docker/devenv/deepenv
/media/bresilla/indrive1/Code/Docker/devenv/roboenv
/tmp/onedrived-dev
/home/bresilla/Downloads/ngrok-stable-linux-amd64
/home/bresilla/.config/xfce4
/home/bresilla/Remote
/media/bresilla/indrive1/Code/Docker/devenv/robo
/media/bresilla/indrive1/Code/Udacity/ROBO/robond_project_8
/media/bresilla/indrive1/Code/Udacity/ROBO
/media/bresilla/indrive1/Code/Udacity/ROBO/tmp
/media/bresilla/indrive1/Code/Udacity/ROBO/tmp/RoboND-HomeServiceRobot
/media/bresilla/indrive1/Code/Docker/devenv/robo/robo
/tmp
/tmp/pscircle
/tmp/pscircle/build
/home/bresilla/.config/rofi/menu
/media/bresilla/indrive1/Code/YouTube/UniBonn/src
/media/bresilla/indrive1/Code/YouTube/UniBonn/lib/bin
/media/bresilla/indrive1/Code/YouTube/UniBonn/thrd
/media/bresilla/indrive1/Code/YouTube/UniBonn
/media/bresilla/indrive1/Code/YouTube/UniBonn/bin
/home/bresilla/Downloads
/home/bresilla/.scripts/perf-tools
/home/bresilla/Videos
/home/bresilla/Remote/Code
/media/bresilla/indrive1/Code
/media/bresilla/indrive1/Code/Linux/LFCS
/home/bresilla/Dots/.scripts/perf-tools
/usr/share/bcc/tools/old
/usr/share/bcc
/home/bresilla/Dots
/home/bresilla/Temp
/home/bresilla/Temp/OneSu
/home/bresilla/Sets
/usr/share/backgrounds
/usr/share/bcc/tools
/home/bresilla/.local
/home/bresilla/.local/bin
/
/home
/home/bresilla/Dots/.sbin
/home/bresilla
/home/bresilla/Music
